[Licensing::Module] Successfully connected to LicensingClient on channel: LicenseClient-shtomar
Entitlement-based licensing initiated
[LicensingClient] Licenses Updated successfully in LicensingClient
DisplayProgressbar: Unity license

LICENSE SYSTEM [202057 0:40:59] Next license update check is after 2020-04-29T19:22:01

[Licensing::Module] Serial number assigned to: "F4-ZCBA-MU84-ZTHT-ERX9-XXXX"\n[Package Manager] Server::Start -- Port 55853 was selected
Launching external process: /Applications/Unity/Hub/Editor/2019.3.10f1/Unity.app/Contents/Resources/PackageManager/Server/UnityPackageManager

 COMMAND LINE ARGUMENTS:
/Applications/Unity/Hub/Editor/2019.3.10f1/Unity.app/Contents/MacOS/Unity
-batchmode
-quit
-logFile
./bin/build_temp/buildLog.log
-projectPath
/Users/shtomar/Documents/Unity/plugins/v5/acp-griffon/unity-acpgriffon/ACP-Griffon
-exportPackage
/Users/shtomar/Documents/Unity/plugins/v5/acp-griffon/unity-acpgriffon/ACP-Griffon/Assets/Plugins
.././bin/build_temp/ACPGriffon-0.0.1-Unity/ACPGriffon/ACPGriffon.unitypackage
Successfully changed project path to: /Users/shtomar/Documents/Unity/plugins/v5/acp-griffon/unity-acpgriffon/ACP-Griffon
/Users/shtomar/Documents/Unity/plugins/v5/acp-griffon/unity-acpgriffon/ACP-Griffon
It looks like another Unity instance is running with this project open.

Multiple Unity instances cannot open the same project.

Project: /Users/shtomar/Documents/Unity/plugins/v5/acp-griffon/unity-acpgriffon/ACP-Griffon 
(Filename: ./Editor/Src/Application/Application.cpp Line: 400)

Fatal Error! It looks like another Unity instance is running with this project open.

Multiple Unity instances cannot open the same project.

Project: /Users/shtomar/Documents/Unity/plugins/v5/acp-griffon/unity-acpgriffon/ACP-Griffon
 
(Filename: ./Runtime/Utilities/Argv.cpp Line: 361)

[Package Manager] Server::Kill -- Server was shutdown
